\BOOKMARK [0][-]{chapter.1}{Introduction}{}% 1
\BOOKMARK [1][-]{section.1.1}{Background}{chapter.1}% 2
\BOOKMARK [1][-]{section.1.2}{Installation}{chapter.1}% 3
\BOOKMARK [0][-]{chapter.2}{List of functions}{}% 4
\BOOKMARK [1][-]{section.2.1}{Basic Functions}{chapter.2}% 5
\BOOKMARK [1][-]{section.2.2}{Signal Generation}{chapter.2}% 6
\BOOKMARK [1][-]{section.2.3}{Measurement}{chapter.2}% 7
\BOOKMARK [1][-]{section.2.4}{Deconvolution}{chapter.2}% 8
\BOOKMARK [1][-]{section.2.5}{Post-processing}{chapter.2}% 9
\BOOKMARK [0][-]{chapter.3}{rbaLinearConv}{}% 10
\BOOKMARK [1][-]{section.3.1}{Purpose}{chapter.3}% 11
\BOOKMARK [1][-]{section.3.2}{Syntax}{chapter.3}% 12
\BOOKMARK [1][-]{section.3.3}{Algorithm}{chapter.3}% 13
\BOOKMARK [1][-]{section.3.4}{Description}{chapter.3}% 14
\BOOKMARK [1][-]{section.3.5}{Example}{chapter.3}% 15
\BOOKMARK [1][-]{section.3.6}{See Also}{chapter.3}% 16
\BOOKMARK [0][-]{chapter.4}{rbaCircularConv}{}% 17
\BOOKMARK [1][-]{section.4.1}{Purpose}{chapter.4}% 18
\BOOKMARK [1][-]{section.4.2}{Syntax}{chapter.4}% 19
\BOOKMARK [1][-]{section.4.3}{Algorithm}{chapter.4}% 20
\BOOKMARK [1][-]{section.4.4}{Description}{chapter.4}% 21
\BOOKMARK [1][-]{section.4.5}{See Also}{chapter.4}% 22
\BOOKMARK [0][-]{chapter.5}{rbaCropIR}{}% 23
\BOOKMARK [1][-]{section.5.1}{Purpose}{chapter.5}% 24
\BOOKMARK [1][-]{section.5.2}{Syntax}{chapter.5}% 25
\BOOKMARK [1][-]{section.5.3}{Description}{chapter.5}% 26
\BOOKMARK [1][-]{section.5.4}{Optional Input Arguments}{chapter.5}% 27
\BOOKMARK [1][-]{section.5.5}{Example}{chapter.5}% 28
\BOOKMARK [1][-]{section.5.6}{See Also}{chapter.5}% 29
\BOOKMARK [1][-]{section.5.7}{References}{chapter.5}% 30
\BOOKMARK [0][-]{chapter.6}{rbaCrossCorr}{}% 31
\BOOKMARK [1][-]{section.6.1}{Purpose}{chapter.6}% 32
\BOOKMARK [1][-]{section.6.2}{Syntax}{chapter.6}% 33
\BOOKMARK [1][-]{section.6.3}{Algorithm}{chapter.6}% 34
\BOOKMARK [1][-]{section.6.4}{Description}{chapter.6}% 35
\BOOKMARK [1][-]{section.6.5}{See Also}{chapter.6}% 36
\BOOKMARK [0][-]{chapter.7}{rbaSchroeder}{}% 37
\BOOKMARK [1][-]{section.7.1}{Purpose}{chapter.7}% 38
\BOOKMARK [1][-]{section.7.2}{Syntax}{chapter.7}% 39
\BOOKMARK [1][-]{section.7.3}{Algorithm}{chapter.7}% 40
\BOOKMARK [1][-]{section.7.4}{Description}{chapter.7}% 41
\BOOKMARK [1][-]{section.7.5}{Optional Input Arguments}{chapter.7}% 42
\BOOKMARK [1][-]{section.7.6}{Example}{chapter.7}% 43
\BOOKMARK [1][-]{section.7.7}{See Also}{chapter.7}% 44
\BOOKMARK [1][-]{section.7.8}{References}{chapter.7}% 45
\BOOKMARK [0][-]{chapter.8}{rbaGenerateSignal}{}% 46
\BOOKMARK [1][-]{section.8.1}{Purpose}{chapter.8}% 47
\BOOKMARK [1][-]{section.8.2}{Syntax}{chapter.8}% 48
\BOOKMARK [1][-]{section.8.3}{Description}{chapter.8}% 49
\BOOKMARK [1][-]{section.8.4}{Optional Input Arguments}{chapter.8}% 50
\BOOKMARK [1][-]{section.8.5}{Example}{chapter.8}% 51
\BOOKMARK [1][-]{section.8.6}{See Also}{chapter.8}% 52
\BOOKMARK [0][-]{chapter.9}{rbaMeasurement}{}% 53
\BOOKMARK [1][-]{section.9.1}{Purpose}{chapter.9}% 54
\BOOKMARK [1][-]{section.9.2}{Syntax}{chapter.9}% 55
\BOOKMARK [1][-]{section.9.3}{Description}{chapter.9}% 56
\BOOKMARK [1][-]{section.9.4}{Example}{chapter.9}% 57
\BOOKMARK [1][-]{section.9.5}{See Also}{chapter.9}% 58
\BOOKMARK [0][-]{chapter.10}{mlsdeconv}{}% 59
\BOOKMARK [1][-]{section.10.1}{Purpose}{chapter.10}% 60
\BOOKMARK [1][-]{section.10.2}{Syntax}{chapter.10}% 61
\BOOKMARK [1][-]{section.10.3}{Description}{chapter.10}% 62
\BOOKMARK [1][-]{section.10.4}{Optional Input Arguments}{chapter.10}% 63
\BOOKMARK [1][-]{section.10.5}{See Also}{chapter.10}% 64
\BOOKMARK [1][-]{section.10.6}{References}{chapter.10}% 65
\BOOKMARK [0][-]{chapter.11}{sweepdeconv}{}% 66
\BOOKMARK [1][-]{section.11.1}{Purpose}{chapter.11}% 67
\BOOKMARK [1][-]{section.11.2}{Syntax}{chapter.11}% 68
\BOOKMARK [1][-]{section.11.3}{Description}{chapter.11}% 69
\BOOKMARK [1][-]{section.11.4}{See Also}{chapter.11}% 70
\BOOKMARK [0][-]{chapter.12}{rbaCentreTime}{}% 71
\BOOKMARK [1][-]{section.12.1}{Purpose}{chapter.12}% 72
\BOOKMARK [1][-]{section.12.2}{Syntax}{chapter.12}% 73
\BOOKMARK [1][-]{section.12.3}{Algorithm}{chapter.12}% 74
\BOOKMARK [1][-]{section.12.4}{See Also}{chapter.12}% 75
\BOOKMARK [1][-]{section.12.5}{References}{chapter.12}% 76
\BOOKMARK [0][-]{chapter.13}{rbaClarity}{}% 77
\BOOKMARK [1][-]{section.13.1}{Purpose}{chapter.13}% 78
\BOOKMARK [1][-]{section.13.2}{Syntax}{chapter.13}% 79
\BOOKMARK [1][-]{section.13.3}{Algorithm}{chapter.13}% 80
\BOOKMARK [1][-]{section.13.4}{See Also}{chapter.13}% 81
\BOOKMARK [1][-]{section.13.5}{References}{chapter.13}% 82
\BOOKMARK [0][-]{chapter.14}{rbaDefinition}{}% 83
\BOOKMARK [1][-]{section.14.1}{Purpose}{chapter.14}% 84
\BOOKMARK [1][-]{section.14.2}{Syntax}{chapter.14}% 85
\BOOKMARK [1][-]{section.14.3}{Algorithm}{chapter.14}% 86
\BOOKMARK [1][-]{section.14.4}{See Also}{chapter.14}% 87
\BOOKMARK [1][-]{section.14.5}{References}{chapter.14}% 88
\BOOKMARK [0][-]{chapter.15}{rbaEDT}{}% 89
\BOOKMARK [1][-]{section.15.1}{Purpose}{chapter.15}% 90
\BOOKMARK [1][-]{section.15.2}{Syntax}{chapter.15}% 91
\BOOKMARK [1][-]{section.15.3}{Description}{chapter.15}% 92
\BOOKMARK [1][-]{section.15.4}{Example}{chapter.15}% 93
\BOOKMARK [1][-]{section.15.5}{See Also}{chapter.15}% 94
\BOOKMARK [1][-]{section.15.6}{References}{chapter.15}% 95
\BOOKMARK [0][-]{chapter.16}{rbaIR2OctaveBands}{}% 96
\BOOKMARK [1][-]{section.16.1}{Purpose}{chapter.16}% 97
\BOOKMARK [1][-]{section.16.2}{Syntax}{chapter.16}% 98
\BOOKMARK [1][-]{section.16.3}{Description}{chapter.16}% 99
\BOOKMARK [1][-]{section.16.4}{Example}{chapter.16}% 100
\BOOKMARK [1][-]{section.16.5}{See Also}{chapter.16}% 101
\BOOKMARK [1][-]{section.16.6}{References}{chapter.16}% 102
\BOOKMARK [0][-]{chapter.17}{rbaLundeby}{}% 103
\BOOKMARK [1][-]{section.17.1}{Purpose}{chapter.17}% 104
\BOOKMARK [1][-]{section.17.2}{Syntax}{chapter.17}% 105
\BOOKMARK [1][-]{section.17.3}{Algorithm}{chapter.17}% 106
\BOOKMARK [1][-]{section.17.4}{Description}{chapter.17}% 107
\BOOKMARK [1][-]{section.17.5}{Optional Input Arguments}{chapter.17}% 108
\BOOKMARK [1][-]{section.17.6}{Example}{chapter.17}% 109
\BOOKMARK [1][-]{section.17.7}{See Also}{chapter.17}% 110
\BOOKMARK [1][-]{section.17.8}{References}{chapter.17}% 111
\BOOKMARK [0][-]{chapter.18}{rbaReverberationTime}{}% 112
\BOOKMARK [1][-]{section.18.1}{Purpose}{chapter.18}% 113
\BOOKMARK [1][-]{section.18.2}{Syntax}{chapter.18}% 114
\BOOKMARK [1][-]{section.18.3}{Algorithm}{chapter.18}% 115
\BOOKMARK [1][-]{section.18.4}{Description}{chapter.18}% 116
\BOOKMARK [1][-]{section.18.5}{Optional Input Arguments}{chapter.18}% 117
\BOOKMARK [1][-]{section.18.6}{Example}{chapter.18}% 118
\BOOKMARK [1][-]{section.18.7}{See Also}{chapter.18}% 119
\BOOKMARK [1][-]{section.18.8}{References}{chapter.18}% 120
\BOOKMARK [0][-]{chapter.19}{rbaFilterBank}{}% 121
\BOOKMARK [1][-]{section.19.1}{Purpose}{chapter.19}% 122
\BOOKMARK [1][-]{section.19.2}{Syntax}{chapter.19}% 123
\BOOKMARK [1][-]{section.19.3}{Description}{chapter.19}% 124
\BOOKMARK [1][-]{section.19.4}{See Also}{chapter.19}% 125
\BOOKMARK [1][-]{section.19.5}{References}{chapter.19}% 126
\BOOKMARK [0][-]{chapter.20}{rbaGetFreqs}{}% 127
\BOOKMARK [1][-]{section.20.1}{Purpose}{chapter.20}% 128
\BOOKMARK [1][-]{section.20.2}{Syntax}{chapter.20}% 129
\BOOKMARK [1][-]{section.20.3}{Description}{chapter.20}% 130
\BOOKMARK [1][-]{section.20.4}{Example}{chapter.20}% 131
\BOOKMARK [1][-]{section.20.5}{See Also}{chapter.20}% 132
\BOOKMARK [0][-]{chapter.21}{rbaScaleModel}{}% 133
\BOOKMARK [1][-]{section.21.1}{Purpose}{chapter.21}% 134
\BOOKMARK [1][-]{section.21.2}{Syntax}{chapter.21}% 135
\BOOKMARK [1][-]{section.21.3}{Description}{chapter.21}% 136
\BOOKMARK [1][-]{section.21.4}{Optional Input Arguments}{chapter.21}% 137
\BOOKMARK [1][-]{section.21.5}{Example}{chapter.21}% 138
\BOOKMARK [1][-]{section.21.6}{See Also}{chapter.21}% 139
\BOOKMARK [1][-]{section.21.7}{References}{chapter.21}% 140
